2024-03-29T16:25:14.756+01:00  INFO 8632 --- [restartedMain] .s.SpringBootWithDbConnectionApplication : Starting SpringBootWithDbConnectionApplication using Java 17.0.5 with PID 8632 (C:\Users\Tushar\OneDrive\Desktop\NewJavaPrograms\springBootWithDbConnection\target\classes started by Tushar in C:\Users\Tushar\OneDrive\Desktop\NewJavaPrograms\springBootWithDbConnection)
2024-03-29T16:25:14.809+01:00  INFO 8632 --- [restartedMain] .s.SpringBootWithDbConnectionApplication : The following 1 profile is active: "dev"
2024-03-29T16:25:15.618+01:00  INFO 8632 --- [restartedMain] .e.DevToolsPropertyDefaultsPostProcessor : Devtools property defaults active! Set 'spring.devtools.add-properties' to 'false' to disable
2024-03-29T16:25:15.624+01:00  INFO 8632 --- [restartedMain] .e.DevToolsPropertyDefaultsPostProcessor : For additional web related logging consider setting the 'logging.level.web' property to 'DEBUG'
2024-03-29T16:25:27.579+01:00  INFO 8632 --- [restartedMain] .s.d.r.c.RepositoryConfigurationDelegate : Bootstrapping Spring Data JPA repositories in DEFAULT mode.
2024-03-29T16:25:28.090+01:00  INFO 8632 --- [restartedMain] .s.d.r.c.RepositoryConfigurationDelegate : Finished Spring Data repository scanning in 427 ms. Found 1 JPA repository interface.
2024-03-29T16:25:40.234+01:00  INFO 8632 --- [restartedMain] o.s.b.w.embedded.tomcat.TomcatWebServer  : Tomcat initialized with port(s): 8080 (http)
2024-03-29T16:25:40.399+01:00  INFO 8632 --- [restartedMain] o.apache.catalina.core.StandardService   : Starting service [Tomcat]
2024-03-29T16:25:40.408+01:00  INFO 8632 --- [restartedMain] o.apache.catalina.core.StandardEngine    : Starting Servlet engine: [Apache Tomcat/10.1.19]
2024-03-29T16:25:41.396+01:00  INFO 8632 --- [restartedMain] o.a.c.c.C.[Tomcat].[localhost].[/]       : Initializing Spring embedded WebApplicationContext
2024-03-29T16:25:41.399+01:00  INFO 8632 --- [restartedMain] w.s.c.ServletWebServerApplicationContext : Root WebApplicationContext: initialization completed in 25726 ms
2024-03-29T16:25:45.652+01:00  INFO 8632 --- [restartedMain] o.hibernate.jpa.internal.util.LogHelper  : HHH000204: Processing PersistenceUnitInfo [name: default]
2024-03-29T16:25:46.171+01:00  INFO 8632 --- [restartedMain] org.hibernate.Version                    : HHH000412: Hibernate ORM core version 6.2.22.Final
2024-03-29T16:25:46.188+01:00  INFO 8632 --- [restartedMain] org.hibernate.cfg.Environment            : HHH000406: Using bytecode reflection optimizer
2024-03-29T16:25:48.874+01:00  INFO 8632 --- [restartedMain] o.s.o.j.p.SpringPersistenceUnitInfo      : No LoadTimeWeaver setup: ignoring JPA class transformer
2024-03-29T16:25:49.161+01:00  INFO 8632 --- [restartedMain] com.zaxxer.hikari.HikariDataSource       : HikariPool-1 - Starting...
2024-03-29T16:25:52.029+01:00  INFO 8632 --- [restartedMain] com.zaxxer.hikari.pool.HikariPool        : HikariPool-1 - Added connection com.mysql.cj.jdbc.ConnectionImpl@4fdb3c8c
2024-03-29T16:25:52.037+01:00  INFO 8632 --- [restartedMain] com.zaxxer.hikari.HikariDataSource       : HikariPool-1 - Start completed.
2024-03-29T16:26:00.445+01:00  INFO 8632 --- [restartedMain] o.h.e.t.j.p.i.JtaPlatformInitiator       : HHH000489: No JTA platform available (set 'hibernate.transaction.jta.platform' to enable JTA platform integration)
2024-03-29T16:26:00.963+01:00  INFO 8632 --- [restartedMain] j.LocalContainerEntityManagerFactoryBean : Initialized JPA EntityManagerFactory for persistence unit 'default'
2024-03-29T16:26:04.517+01:00  INFO 8632 --- [restartedMain] o.s.d.j.r.query.QueryEnhancerFactory     : Hibernate is in classpath; If applicable, HQL parser will be used.
2024-03-29T16:26:06.724+01:00  WARN 8632 --- [restartedMain] JpaBaseConfiguration$JpaWebConfiguration : spring.jpa.open-in-view is enabled by default. Therefore, database queries may be performed during view rendering. Explicitly configure spring.jpa.open-in-view to disable this warning
2024-03-29T16:26:19.439+01:00  INFO 8632 --- [restartedMain] o.s.b.d.a.OptionalLiveReloadServer       : LiveReload server is running on port 35729
2024-03-29T16:26:19.487+01:00  INFO 8632 --- [restartedMain] o.s.b.a.e.web.EndpointLinksResolver      : Exposing 1 endpoint(s) beneath base path '/actuator'
2024-03-29T16:26:21.504+01:00  INFO 8632 --- [restartedMain] o.s.b.w.embedded.tomcat.TomcatWebServer  : Tomcat started on port(s): 8080 (http) with context path ''
2024-03-29T16:26:21.860+01:00  INFO 8632 --- [restartedMain] .s.SpringBootWithDbConnectionApplication : Started SpringBootWithDbConnectionApplication in 71.409 seconds (process running for 76.604)
2024-03-29T16:26:45.181+01:00  INFO 8632 --- [http-nio-8080-exec-1] o.a.c.c.C.[Tomcat].[localhost].[/]       : Initializing Spring DispatcherServlet 'dispatcherServlet'
2024-03-29T16:26:45.190+01:00  INFO 8632 --- [http-nio-8080-exec-1] o.s.web.servlet.DispatcherServlet        : Initializing Servlet 'dispatcherServlet'
2024-03-29T16:26:45.195+01:00  INFO 8632 --- [http-nio-8080-exec-1] o.s.web.servlet.DispatcherServlet        : Completed initialization in 4 ms
2024-03-29T16:26:45.569+01:00 DEBUG 8632 --- [http-nio-8080-exec-1] c.s.controller.StudentController         : this is debug logger
2024-03-29T16:26:45.578+01:00 ERROR 8632 --- [http-nio-8080-exec-1] c.s.controller.StudentController         : this is error logger
2024-03-29T16:26:45.579+01:00  WARN 8632 --- [http-nio-8080-exec-1] c.s.controller.StudentController         : this is warning logger
2024-03-29T16:26:45.581+01:00  INFO 8632 --- [http-nio-8080-exec-1] c.s.controller.StudentController         : this is info logger
2024-03-29T16:26:45.582+01:00  INFO 8632 --- [http-nio-8080-exec-1] c.s.service.StudentServiceImpl           : StudentImpl: listofstudent
2024-03-29T16:26:46.916+01:00  INFO 8632 --- [http-nio-8080-exec-1] c.s.service.StudentServiceImpl           : all students: [com.springbootwithdb.entity.Student@6b1e93e8, com.springbootwithdb.entity.Student@77bdaf2c, com.springbootwithdb.entity.Student@519fbddf]
2024-03-29T16:27:09.746+01:00  INFO 8632 --- [File Watcher] rtingClassPathChangeChangedEventListener : Restarting due to 1 class path change (0 additions, 0 deletions, 1 modification)
2024-03-29T16:27:09.909+01:00  INFO 8632 --- [Thread-5] o.apache.catalina.core.StandardService   : Stopping service [Tomcat]
2024-03-29T16:27:09.918+01:00  INFO 8632 --- [Thread-5] o.a.c.c.C.[Tomcat].[localhost].[/]       : Destroying Spring FrameworkServlet 'dispatcherServlet'
2024-03-29T16:27:10.017+01:00  INFO 8632 --- [Thread-5] j.LocalContainerEntityManagerFactoryBean : Closing JPA EntityManagerFactory for persistence unit 'default'
2024-03-29T16:27:10.048+01:00  INFO 8632 --- [Thread-5] com.zaxxer.hikari.HikariDataSource       : HikariPool-1 - Shutdown initiated...
2024-03-29T16:27:10.133+01:00  INFO 8632 --- [Thread-5] com.zaxxer.hikari.HikariDataSource       : HikariPool-1 - Shutdown completed.
