2024-03-29T15:05:01.102+01:00  INFO 16500 --- [restartedMain] .s.SpringBootWithDbConnectionApplication : Starting SpringBootWithDbConnectionApplication using Java 17.0.5 with PID 16500 (C:\Users\Tushar\OneDrive\Desktop\NewJavaPrograms\springBootWithDbConnection\target\classes started by Tushar in C:\Users\Tushar\OneDrive\Desktop\NewJavaPrograms\springBootWithDbConnection)
2024-03-29T15:05:01.112+01:00  INFO 16500 --- [restartedMain] .s.SpringBootWithDbConnectionApplication : No active profile set, falling back to 1 default profile: "default"
2024-03-29T15:05:01.558+01:00  INFO 16500 --- [restartedMain] .e.DevToolsPropertyDefaultsPostProcessor : Devtools property defaults active! Set 'spring.devtools.add-properties' to 'false' to disable
2024-03-29T15:05:01.566+01:00  INFO 16500 --- [restartedMain] .e.DevToolsPropertyDefaultsPostProcessor : For additional web related logging consider setting the 'logging.level.web' property to 'DEBUG'
2024-03-29T15:05:07.398+01:00  INFO 16500 --- [restartedMain] .s.d.r.c.RepositoryConfigurationDelegate : Bootstrapping Spring Data JPA repositories in DEFAULT mode.
2024-03-29T15:05:07.761+01:00  INFO 16500 --- [restartedMain] .s.d.r.c.RepositoryConfigurationDelegate : Finished Spring Data repository scanning in 327 ms. Found 1 JPA repository interface.
2024-03-29T15:05:10.936+01:00  INFO 16500 --- [restartedMain] o.s.b.w.embedded.tomcat.TomcatWebServer  : Tomcat initialized with port(s): 8080 (http)
2024-03-29T15:05:10.988+01:00  INFO 16500 --- [restartedMain] o.apache.catalina.core.StandardService   : Starting service [Tomcat]
2024-03-29T15:05:10.989+01:00  INFO 16500 --- [restartedMain] o.apache.catalina.core.StandardEngine    : Starting Servlet engine: [Apache Tomcat/10.1.19]
2024-03-29T15:05:11.385+01:00  INFO 16500 --- [restartedMain] o.a.c.c.C.[Tomcat].[localhost].[/]       : Initializing Spring embedded WebApplicationContext
2024-03-29T15:05:11.388+01:00  INFO 16500 --- [restartedMain] w.s.c.ServletWebServerApplicationContext : Root WebApplicationContext: initialization completed in 9818 ms
2024-03-29T15:05:12.770+01:00  INFO 16500 --- [restartedMain] o.hibernate.jpa.internal.util.LogHelper  : HHH000204: Processing PersistenceUnitInfo [name: default]
2024-03-29T15:05:13.091+01:00  INFO 16500 --- [restartedMain] org.hibernate.Version                    : HHH000412: Hibernate ORM core version 6.2.22.Final
2024-03-29T15:05:13.107+01:00  INFO 16500 --- [restartedMain] org.hibernate.cfg.Environment            : HHH000406: Using bytecode reflection optimizer
2024-03-29T15:05:14.617+01:00  INFO 16500 --- [restartedMain] o.s.o.j.p.SpringPersistenceUnitInfo      : No LoadTimeWeaver setup: ignoring JPA class transformer
2024-03-29T15:05:14.757+01:00  INFO 16500 --- [restartedMain] com.zaxxer.hikari.HikariDataSource       : HikariPool-1 - Starting...
2024-03-29T15:05:16.080+01:00  INFO 16500 --- [restartedMain] com.zaxxer.hikari.pool.HikariPool        : HikariPool-1 - Added connection com.mysql.cj.jdbc.ConnectionImpl@1a9512e2
2024-03-29T15:05:16.088+01:00  INFO 16500 --- [restartedMain] com.zaxxer.hikari.HikariDataSource       : HikariPool-1 - Start completed.
2024-03-29T15:05:19.972+01:00  INFO 16500 --- [restartedMain] o.h.e.t.j.p.i.JtaPlatformInitiator       : HHH000489: No JTA platform available (set 'hibernate.transaction.jta.platform' to enable JTA platform integration)
2024-03-29T15:05:20.202+01:00  INFO 16500 --- [restartedMain] j.LocalContainerEntityManagerFactoryBean : Initialized JPA EntityManagerFactory for persistence unit 'default'
2024-03-29T15:05:21.579+01:00  INFO 16500 --- [restartedMain] o.s.d.j.r.query.QueryEnhancerFactory     : Hibernate is in classpath; If applicable, HQL parser will be used.
2024-03-29T15:05:22.220+01:00  WARN 16500 --- [restartedMain] JpaBaseConfiguration$JpaWebConfiguration : spring.jpa.open-in-view is enabled by default. Therefore, database queries may be performed during view rendering. Explicitly configure spring.jpa.open-in-view to disable this warning
2024-03-29T15:05:25.808+01:00  INFO 16500 --- [restartedMain] o.s.b.d.a.OptionalLiveReloadServer       : LiveReload server is running on port 35729
2024-03-29T15:05:25.837+01:00  INFO 16500 --- [restartedMain] o.s.b.a.e.web.EndpointLinksResolver      : Exposing 1 endpoint(s) beneath base path '/actuator'
2024-03-29T15:05:26.219+01:00  INFO 16500 --- [restartedMain] o.s.b.w.embedded.tomcat.TomcatWebServer  : Tomcat started on port(s): 8080 (http) with context path ''
2024-03-29T15:05:26.296+01:00  INFO 16500 --- [restartedMain] .s.SpringBootWithDbConnectionApplication : Started SpringBootWithDbConnectionApplication in 27.196 seconds (process running for 29.725)
2024-03-29T15:05:51.128+01:00  INFO 16500 --- [http-nio-8080-exec-1] o.a.c.c.C.[Tomcat].[localhost].[/]       : Initializing Spring DispatcherServlet 'dispatcherServlet'
2024-03-29T15:05:51.129+01:00  INFO 16500 --- [http-nio-8080-exec-1] o.s.web.servlet.DispatcherServlet        : Initializing Servlet 'dispatcherServlet'
2024-03-29T15:05:51.135+01:00  INFO 16500 --- [http-nio-8080-exec-1] o.s.web.servlet.DispatcherServlet        : Completed initialization in 5 ms
2024-03-29T15:06:03.058+01:00 DEBUG 16500 --- [http-nio-8080-exec-3] c.s.controller.StudentController         : this is debug logger
2024-03-29T15:06:03.061+01:00 ERROR 16500 --- [http-nio-8080-exec-3] c.s.controller.StudentController         : this is error logger
2024-03-29T15:06:03.062+01:00  WARN 16500 --- [http-nio-8080-exec-3] c.s.controller.StudentController         : this is warning logger
2024-03-29T15:06:03.065+01:00  INFO 16500 --- [http-nio-8080-exec-3] c.s.controller.StudentController         : this is info logger
2024-03-29T15:12:19.576+01:00  INFO 16500 --- [File Watcher] rtingClassPathChangeChangedEventListener : Restarting due to 1 class path change (0 additions, 0 deletions, 1 modification)
2024-03-29T15:12:19.623+01:00  INFO 16500 --- [Thread-5] o.apache.catalina.core.StandardService   : Stopping service [Tomcat]
2024-03-29T15:12:19.629+01:00  INFO 16500 --- [Thread-5] o.a.c.c.C.[Tomcat].[localhost].[/]       : Destroying Spring FrameworkServlet 'dispatcherServlet'
2024-03-29T15:12:19.657+01:00  INFO 16500 --- [Thread-5] j.LocalContainerEntityManagerFactoryBean : Closing JPA EntityManagerFactory for persistence unit 'default'
2024-03-29T15:12:19.674+01:00  INFO 16500 --- [Thread-5] com.zaxxer.hikari.HikariDataSource       : HikariPool-1 - Shutdown initiated...
2024-03-29T15:12:19.719+01:00  INFO 16500 --- [Thread-5] com.zaxxer.hikari.HikariDataSource       : HikariPool-1 - Shutdown completed.
2024-03-29T15:12:20.079+01:00  INFO 16500 --- [restartedMain] .s.SpringBootWithDbConnectionApplication : Starting SpringBootWithDbConnectionApplication using Java 17.0.5 with PID 16500 (C:\Users\Tushar\OneDrive\Desktop\NewJavaPrograms\springBootWithDbConnection\target\classes started by Tushar in C:\Users\Tushar\OneDrive\Desktop\NewJavaPrograms\springBootWithDbConnection)
2024-03-29T15:12:20.086+01:00  INFO 16500 --- [restartedMain] .s.SpringBootWithDbConnectionApplication : No active profile set, falling back to 1 default profile: "default"
2024-03-29T15:12:22.599+01:00  INFO 16500 --- [restartedMain] .s.d.r.c.RepositoryConfigurationDelegate : Bootstrapping Spring Data JPA repositories in DEFAULT mode.
2024-03-29T15:12:22.659+01:00  INFO 16500 --- [restartedMain] .s.d.r.c.RepositoryConfigurationDelegate : Finished Spring Data repository scanning in 50 ms. Found 1 JPA repository interface.
2024-03-29T15:12:23.161+01:00  INFO 16500 --- [restartedMain] o.s.b.w.embedded.tomcat.TomcatWebServer  : Tomcat initialized with port(s): 8080 (http)
2024-03-29T15:12:23.170+01:00  INFO 16500 --- [restartedMain] o.apache.catalina.core.StandardService   : Starting service [Tomcat]
2024-03-29T15:12:23.177+01:00  INFO 16500 --- [restartedMain] o.apache.catalina.core.StandardEngine    : Starting Servlet engine: [Apache Tomcat/10.1.19]
2024-03-29T15:12:23.313+01:00  INFO 16500 --- [restartedMain] o.a.c.c.C.[Tomcat].[localhost].[/]       : Initializing Spring embedded WebApplicationContext
2024-03-29T15:12:23.314+01:00  INFO 16500 --- [restartedMain] w.s.c.ServletWebServerApplicationContext : Root WebApplicationContext: initialization completed in 3201 ms
2024-03-29T15:12:23.648+01:00  INFO 16500 --- [restartedMain] o.hibernate.jpa.internal.util.LogHelper  : HHH000204: Processing PersistenceUnitInfo [name: default]
2024-03-29T15:12:23.710+01:00  INFO 16500 --- [restartedMain] o.s.o.j.p.SpringPersistenceUnitInfo      : No LoadTimeWeaver setup: ignoring JPA class transformer
2024-03-29T15:12:23.720+01:00  INFO 16500 --- [restartedMain] com.zaxxer.hikari.HikariDataSource       : HikariPool-2 - Starting...
2024-03-29T15:12:23.816+01:00  INFO 16500 --- [restartedMain] com.zaxxer.hikari.pool.HikariPool        : HikariPool-2 - Added connection com.mysql.cj.jdbc.ConnectionImpl@2e33712c
2024-03-29T15:12:23.817+01:00  INFO 16500 --- [restartedMain] com.zaxxer.hikari.HikariDataSource       : HikariPool-2 - Start completed.
2024-03-29T15:12:23.973+01:00  INFO 16500 --- [restartedMain] o.h.e.t.j.p.i.JtaPlatformInitiator       : HHH000489: No JTA platform available (set 'hibernate.transaction.jta.platform' to enable JTA platform integration)
2024-03-29T15:12:24.026+01:00  INFO 16500 --- [restartedMain] j.LocalContainerEntityManagerFactoryBean : Initialized JPA EntityManagerFactory for persistence unit 'default'
2024-03-29T15:12:24.937+01:00  WARN 16500 --- [restartedMain] JpaBaseConfiguration$JpaWebConfiguration : spring.jpa.open-in-view is enabled by default. Therefore, database queries may be performed during view rendering. Explicitly configure spring.jpa.open-in-view to disable this warning
2024-03-29T15:12:27.432+01:00  INFO 16500 --- [restartedMain] o.s.b.d.a.OptionalLiveReloadServer       : LiveReload server is running on port 35729
2024-03-29T15:12:27.454+01:00  INFO 16500 --- [restartedMain] o.s.b.a.e.web.EndpointLinksResolver      : Exposing 1 endpoint(s) beneath base path '/actuator'
2024-03-29T15:12:27.544+01:00  INFO 16500 --- [restartedMain] o.s.b.w.embedded.tomcat.TomcatWebServer  : Tomcat started on port(s): 8080 (http) with context path ''
2024-03-29T15:12:27.573+01:00  INFO 16500 --- [restartedMain] .s.SpringBootWithDbConnectionApplication : Started SpringBootWithDbConnectionApplication in 7.672 seconds (process running for 451.001)
2024-03-29T15:12:27.582+01:00  INFO 16500 --- [restartedMain] .ConditionEvaluationDeltaLoggingListener : Condition evaluation unchanged
2024-03-29T15:12:56.159+01:00  INFO 16500 --- [File Watcher] rtingClassPathChangeChangedEventListener : Restarting due to 1 class path change (0 additions, 0 deletions, 1 modification)
2024-03-29T15:12:56.449+01:00  INFO 16500 --- [Thread-7] o.apache.catalina.core.StandardService   : Stopping service [Tomcat]
2024-03-29T15:12:56.478+01:00  INFO 16500 --- [Thread-7] j.LocalContainerEntityManagerFactoryBean : Closing JPA EntityManagerFactory for persistence unit 'default'
2024-03-29T15:12:56.484+01:00  INFO 16500 --- [Thread-7] com.zaxxer.hikari.HikariDataSource       : HikariPool-2 - Shutdown initiated...
2024-03-29T15:12:56.524+01:00  INFO 16500 --- [Thread-7] com.zaxxer.hikari.HikariDataSource       : HikariPool-2 - Shutdown completed.
2024-03-29T15:12:56.962+01:00  INFO 16500 --- [restartedMain] .s.SpringBootWithDbConnectionApplication : Starting SpringBootWithDbConnectionApplication using Java 17.0.5 with PID 16500 (C:\Users\Tushar\OneDrive\Desktop\NewJavaPrograms\springBootWithDbConnection\target\classes started by Tushar in C:\Users\Tushar\OneDrive\Desktop\NewJavaPrograms\springBootWithDbConnection)
2024-03-29T15:12:56.963+01:00  INFO 16500 --- [restartedMain] .s.SpringBootWithDbConnectionApplication : No active profile set, falling back to 1 default profile: "default"
2024-03-29T15:12:59.002+01:00  INFO 16500 --- [restartedMain] .s.d.r.c.RepositoryConfigurationDelegate : Bootstrapping Spring Data JPA repositories in DEFAULT mode.
2024-03-29T15:12:59.056+01:00  INFO 16500 --- [restartedMain] .s.d.r.c.RepositoryConfigurationDelegate : Finished Spring Data repository scanning in 52 ms. Found 1 JPA repository interface.
2024-03-29T15:12:59.608+01:00  INFO 16500 --- [restartedMain] o.s.b.w.embedded.tomcat.TomcatWebServer  : Tomcat initialized with port(s): 8080 (http)
2024-03-29T15:12:59.613+01:00  INFO 16500 --- [restartedMain] o.apache.catalina.core.StandardService   : Starting service [Tomcat]
2024-03-29T15:12:59.613+01:00  INFO 16500 --- [restartedMain] o.apache.catalina.core.StandardEngine    : Starting Servlet engine: [Apache Tomcat/10.1.19]
2024-03-29T15:12:59.727+01:00  INFO 16500 --- [restartedMain] o.a.c.c.C.[Tomcat].[localhost].[/]       : Initializing Spring embedded WebApplicationContext
2024-03-29T15:12:59.728+01:00  INFO 16500 --- [restartedMain] w.s.c.ServletWebServerApplicationContext : Root WebApplicationContext: initialization completed in 2759 ms
2024-03-29T15:12:59.948+01:00  INFO 16500 --- [restartedMain] o.hibernate.jpa.internal.util.LogHelper  : HHH000204: Processing PersistenceUnitInfo [name: default]
2024-03-29T15:12:59.997+01:00  INFO 16500 --- [restartedMain] o.s.o.j.p.SpringPersistenceUnitInfo      : No LoadTimeWeaver setup: ignoring JPA class transformer
2024-03-29T15:13:00.005+01:00  INFO 16500 --- [restartedMain] com.zaxxer.hikari.HikariDataSource       : HikariPool-3 - Starting...
2024-03-29T15:13:00.111+01:00  INFO 16500 --- [restartedMain] com.zaxxer.hikari.pool.HikariPool        : HikariPool-3 - Added connection com.mysql.cj.jdbc.ConnectionImpl@6c26b3b4
2024-03-29T15:13:00.111+01:00  INFO 16500 --- [restartedMain] com.zaxxer.hikari.HikariDataSource       : HikariPool-3 - Start completed.
2024-03-29T15:13:00.334+01:00  INFO 16500 --- [restartedMain] o.h.e.t.j.p.i.JtaPlatformInitiator       : HHH000489: No JTA platform available (set 'hibernate.transaction.jta.platform' to enable JTA platform integration)
2024-03-29T15:13:00.364+01:00  INFO 16500 --- [restartedMain] j.LocalContainerEntityManagerFactoryBean : Initialized JPA EntityManagerFactory for persistence unit 'default'
2024-03-29T15:13:00.973+01:00  WARN 16500 --- [restartedMain] JpaBaseConfiguration$JpaWebConfiguration : spring.jpa.open-in-view is enabled by default. Therefore, database queries may be performed during view rendering. Explicitly configure spring.jpa.open-in-view to disable this warning
2024-03-29T15:13:01.786+01:00  INFO 16500 --- [restartedMain] o.s.b.d.a.OptionalLiveReloadServer       : LiveReload server is running on port 35729
2024-03-29T15:13:01.794+01:00  INFO 16500 --- [restartedMain] o.s.b.a.e.web.EndpointLinksResolver      : Exposing 1 endpoint(s) beneath base path '/actuator'
2024-03-29T15:13:01.853+01:00  INFO 16500 --- [restartedMain] o.s.b.w.embedded.tomcat.TomcatWebServer  : Tomcat started on port(s): 8080 (http) with context path ''
2024-03-29T15:13:01.887+01:00  INFO 16500 --- [restartedMain] .s.SpringBootWithDbConnectionApplication : Started SpringBootWithDbConnectionApplication in 5.084 seconds (process running for 485.316)
2024-03-29T15:13:01.892+01:00  INFO 16500 --- [restartedMain] .ConditionEvaluationDeltaLoggingListener : Condition evaluation unchanged
2024-03-29T15:13:20.947+01:00  INFO 16500 --- [http-nio-8080-exec-1] o.a.c.c.C.[Tomcat].[localhost].[/]       : Initializing Spring DispatcherServlet 'dispatcherServlet'
2024-03-29T15:13:20.948+01:00  INFO 16500 --- [http-nio-8080-exec-1] o.s.web.servlet.DispatcherServlet        : Initializing Servlet 'dispatcherServlet'
2024-03-29T15:13:20.954+01:00  INFO 16500 --- [http-nio-8080-exec-1] o.s.web.servlet.DispatcherServlet        : Completed initialization in 5 ms
2024-03-29T15:13:20.961+01:00 DEBUG 16500 --- [http-nio-8080-exec-1] c.s.controller.StudentController         : this is debug logger
2024-03-29T15:13:20.961+01:00 ERROR 16500 --- [http-nio-8080-exec-1] c.s.controller.StudentController         : this is error logger
2024-03-29T15:13:20.961+01:00  WARN 16500 --- [http-nio-8080-exec-1] c.s.controller.StudentController         : this is warning logger
2024-03-29T15:13:20.962+01:00  INFO 16500 --- [http-nio-8080-exec-1] c.s.controller.StudentController         : this is info logger
2024-03-29T15:13:20.962+01:00  INFO 16500 --- [http-nio-8080-exec-1] c.s.service.StudentServiceImpl           : StudentImpl: listofstudent
2024-03-29T15:13:20.989+01:00  INFO 16500 --- [http-nio-8080-exec-1] c.s.service.StudentServiceImpl           : all students: [com.springbootwithdb.entity.Student@4ea3245e, com.springbootwithdb.entity.Student@7dcd6a1f, com.springbootwithdb.entity.Student@38e446d]
2024-03-29T16:11:25.601+01:00  WARN 16500 --- [HikariPool-3 housekeeper] com.zaxxer.hikari.pool.HikariPool        : HikariPool-3 - Thread starvation or clock leap detected (housekeeper delta=11m21s325ms49µs200ns).
