#
# There is insufficient memory for the Java Runtime Environment to continue.
# Native memory allocation (mmap) failed to map 134217728 bytes for G1 virtual space
# Possible reasons:
#   The system is out of physical RAM or swap space
#   The process is running with CompressedOops enabled, and the Java Heap may be blocking the growth of the native heap
# Possible solutions:
#   Reduce memory load on the system
#   Increase physical memory or swap space
#   Check if swap backing store is full
#   Decrease Java heap size (-Xmx/-Xms)
#   Decrease number of Java threads
#   Decrease Java thread stack sizes (-Xss)
#   Set larger code cache with -XX:ReservedCodeCacheSize=
#   JVM is running with Unscaled Compressed Oops mode in which the Java heap is
#     placed in the first 4GB address space. The Java Heap base address is the
#     maximum limit for the native heap growth. Please use -XX:HeapBaseMinAddress
#     to set the Java Heap base and to place the Java Heap above 4GB virtual address.
# This output file may be truncated or incomplete.
#
#  Out of Memory Error (os_windows.cpp:3613), pid=4448, tid=17180
#
# JRE version:  (17.0.10+7) (build )
# Java VM: OpenJDK 64-Bit Server VM (17.0.10+7, mixed mode, emulated-client, sharing, tiered, compressed oops, compressed class ptrs, g1 gc, windows-amd64)
# No core dump will be written. Minidumps are not enabled by default on client versions of Windows
#

---------------  S U M M A R Y ------------

Command Line: -Dcom.sun.management.jmxremote -Dcom.sun.management.jmxremote.port=54443 -Dcom.sun.management.jmxremote.authenticate=false -Dcom.sun.management.jmxremote.ssl=false -Djava.rmi.server.hostname=localhost -Dspring.jmx.enabled=true -Dmanagement.endpoints.jmx.exposure.include=* -Dspring.application.admin.enabled=true -XX:TieredStopAtLevel=1 -Dspring.boot.project.name=springBootWithDbConnection -Dfile.encoding=UTF-8 -Dstdout.encoding=UTF-8 -Dstderr.encoding=UTF-8 -XX:+ShowCodeDetailsInExceptionMessages com.springbootwithdb.SpringBootWithDbConnectionApplication --spring.output.ansi.enabled=always

Host: Intel(R) Pentium(R) CPU 4415Y @ 1.60GHz, 4 cores, 7G,  Windows 10 , 64 bit Build 19041 (10.0.19041.3636)
Time: Wed Apr  3 18:35:36 2024 W. Europe Summer Time elapsed time: 7.226465 seconds (0d 0h 0m 7s)

---------------  T H R E A D  ---------------

Current thread (0x000002326937f240):  JavaThread "Unknown thread" [_thread_in_vm, id=17180, stack(0x000000fd25f00000,0x000000fd26000000)]

Stack: [0x000000fd25f00000,0x000000fd26000000]
Native frames: (J=compiled Java code, j=interpreted, Vv=VM code, C=native code)
V  [jvm.dll+0x67d2c9]
V  [jvm.dll+0x834afa]
V  [jvm.dll+0x8365be]
V  [jvm.dll+0x836c23]
V  [jvm.dll+0x2477ff]
V  [jvm.dll+0x67a109]
V  [jvm.dll+0x66eb7a]
V  [jvm.dll+0x30764b]
V  [jvm.dll+0x30eaf6]
V  [jvm.dll+0x35e83e]
V  [jvm.dll+0x35ea6f]
V  [jvm.dll+0x2de248]
V  [jvm.dll+0x2df1b4]
V  [jvm.dll+0x806361]
V  [jvm.dll+0x36c6f1]
V  [jvm.dll+0x7e4e06]
V  [jvm.dll+0x3eff3f]
V  [jvm.dll+0x3f1b71]
C  [jli.dll+0x528f]
C  [ucrtbase.dll+0x21bb2]
C  [KERNEL32.DLL+0x17344]
C  [ntdll.dll+0x526b1]


---------------  P R O C E S S  ---------------

Threads class SMR info:
_java_thread_list=0x00007ffcd1f7ee98, length=0, elements={
}

Java Threads: ( => current thread )

Other Threads:
  0x00000232693d95f0 GCTaskThread "GC Thread#0" [stack: 0x000000fd26000000,0x000000fd26100000] [id=16828]
  0x00000232693ea0d0 ConcurrentGCThread "G1 Main Marker" [stack: 0x000000fd26100000,0x000000fd26200000] [id=7296]
  0x00000232693eb1a0 ConcurrentGCThread "G1 Conc#0" [stack: 0x000000fd26200000,0x000000fd26300000] [id=6264]

[error occurred during error reporting (printing all threads), id 0xc0000005, EXCEPTION_ACCESS_VIOLATION (0xc0000005) at pc=0x00007ffcd173ec87]

VM state: not at safepoint (not fully initialized)

VM Mutex/Monitor currently owned by a thread:  ([mutex/lock_event])
[0x00000232693799a0] Heap_lock - owner thread: 0x000002326937f240

Heap address: 0x0000000081c00000, size: 2020 MB, Compressed Oops mode: 32-bit

CDS archive(s) mapped at: [0x0000000000000000-0x0000000000000000-0x0000000000000000), size 0, SharedBaseAddress: 0x0000000800000000, ArchiveRelocationMode: 1.
Narrow klass base: 0x0000000000000000, Narrow klass shift: 0, Narrow klass range: 0x0

GC Precious Log:
<Empty>

Heap:
 garbage-first heap   total 0K, used 0K [0x0000000081c00000, 0x0000000100000000)
  region size 1024K, 0 young (0K), 0 survivors (0K)

[error occurred during error reporting (printing heap information), id 0xc0000005, EXCEPTION_ACCESS_VIOLATION (0xc0000005) at pc=0x00007ffcd1b26fb9]

GC Heap History (0 events):
No events

Dll operation events (1 events):
Event: 2.143 Loaded shared library C:\Program Files\sts-4.21.1.RELEASE\plugins\org.eclipse.justj.openjdk.hotspot.jre.full.win32.x86_64_17.0.10.v20240120-1143\jre\bin\java.dll

Deoptimization events (0 events):
No events

Classes unloaded (0 events):
No events

Classes redefined (0 events):
No events

Internal exceptions (0 events):
No events

VM Operations (0 events):
No events

Events (0 events):
No events


Dynamic libraries:
0x00007ff6870d0000 - 0x00007ff6870de000 	C:\Program Files\sts-4.21.1.RELEASE\plugins\org.eclipse.justj.openjdk.hotspot.jre.full.win32.x86_64_17.0.10.v20240120-1143\jre\bin\javaw.exe
0x00007ffd1c330000 - 0x00007ffd1c528000 	C:\WINDOWS\SYSTEM32\ntdll.dll
0x00007ffd1ada0000 - 0x00007ffd1ae5d000 	C:\WINDOWS\System32\KERNEL32.DLL
0x00007ffd19ec0000 - 0x00007ffd1a1b6000 	C:\WINDOWS\System32\KERNELBASE.dll
0x00007ffd199e0000 - 0x00007ffd19ae0000 	C:\WINDOWS\System32\ucrtbase.dll
0x00007ffd05d40000 - 0x00007ffd05d57000 	C:\Program Files\sts-4.21.1.RELEASE\plugins\org.eclipse.justj.openjdk.hotspot.jre.full.win32.x86_64_17.0.10.v20240120-1143\jre\bin\jli.dll
0x00007ffd05470000 - 0x00007ffd0548b000 	C:\Program Files\sts-4.21.1.RELEASE\plugins\org.eclipse.justj.openjdk.hotspot.jre.full.win32.x86_64_17.0.10.v20240120-1143\jre\bin\VCRUNTIME140.dll
0x00007ffd1b820000 - 0x00007ffd1b9be000 	C:\WINDOWS\System32\USER32.dll
0x00007ffd1a2c0000 - 0x00007ffd1a2e2000 	C:\WINDOWS\System32\win32u.dll
0x00007ffd1b9c0000 - 0x00007ffd1b9eb000 	C:\WINDOWS\System32\GDI32.dll
0x00007ffcf64d0000 - 0x00007ffcf676a000 	C:\WINDOWS\WinSxS\amd64_microsoft.windows.common-controls_6595b64144ccf1df_6.0.19041.3636_none_60b6a03d71f818d5\COMCTL32.dll
0x00007ffd19ae0000 - 0x00007ffd19bf7000 	C:\WINDOWS\System32\gdi32full.dll
0x00007ffd1a4a0000 - 0x00007ffd1a53e000 	C:\WINDOWS\System32\msvcrt.dll
0x00007ffd19c00000 - 0x00007ffd19c9d000 	C:\WINDOWS\System32\msvcp_win.dll
0x00007ffd1ae60000 - 0x00007ffd1ae92000 	C:\WINDOWS\System32\IMM32.DLL
0x00007ffd092e0000 - 0x00007ffd092ec000 	C:\Program Files\sts-4.21.1.RELEASE\plugins\org.eclipse.justj.openjdk.hotspot.jre.full.win32.x86_64_17.0.10.v20240120-1143\jre\bin\vcruntime140_1.dll
0x00007ffce5370000 - 0x00007ffce53fd000 	C:\Program Files\sts-4.21.1.RELEASE\plugins\org.eclipse.justj.openjdk.hotspot.jre.full.win32.x86_64_17.0.10.v20240120-1143\jre\bin\msvcp140.dll
0x00007ffcd1450000 - 0x00007ffcd20b2000 	C:\Program Files\sts-4.21.1.RELEASE\plugins\org.eclipse.justj.openjdk.hotspot.jre.full.win32.x86_64_17.0.10.v20240120-1143\jre\bin\server\jvm.dll
0x00007ffd1ba70000 - 0x00007ffd1bb20000 	C:\WINDOWS\System32\ADVAPI32.dll
0x00007ffd1c170000 - 0x00007ffd1c210000 	C:\WINDOWS\System32\sechost.dll
0x00007ffd1a540000 - 0x00007ffd1a665000 	C:\WINDOWS\System32\RPCRT4.dll
0x00007ffd19d30000 - 0x00007ffd19d57000 	C:\WINDOWS\System32\bcrypt.dll
0x00007ffd198c0000 - 0x00007ffd1990b000 	C:\WINDOWS\SYSTEM32\POWRPROF.dll
0x00007ffcfef40000 - 0x00007ffcfef49000 	C:\WINDOWS\SYSTEM32\WSOCK32.dll
0x00007ffd1ba00000 - 0x00007ffd1ba6b000 	C:\WINDOWS\System32\WS2_32.dll
0x00007ffd07f40000 - 0x00007ffd07f67000 	C:\WINDOWS\SYSTEM32\WINMM.dll
0x00007ffd08910000 - 0x00007ffd0891a000 	C:\WINDOWS\SYSTEM32\VERSION.dll
0x00007ffd198a0000 - 0x00007ffd198b2000 	C:\WINDOWS\SYSTEM32\UMPDC.dll
0x00007ffd181d0000 - 0x00007ffd181e2000 	C:\WINDOWS\SYSTEM32\kernel.appcore.dll
0x00007ffd094f0000 - 0x00007ffd094fa000 	C:\Program Files\sts-4.21.1.RELEASE\plugins\org.eclipse.justj.openjdk.hotspot.jre.full.win32.x86_64_17.0.10.v20240120-1143\jre\bin\jimage.dll
0x00007ffd17eb0000 - 0x00007ffd18094000 	C:\WINDOWS\SYSTEM32\DBGHELP.DLL
0x00007ffd05370000 - 0x00007ffd053a4000 	C:\WINDOWS\SYSTEM32\dbgcore.DLL
0x00007ffd19ca0000 - 0x00007ffd19d22000 	C:\WINDOWS\System32\bcryptPrimitives.dll
0x00007ffd02af0000 - 0x00007ffd02b15000 	C:\Program Files\sts-4.21.1.RELEASE\plugins\org.eclipse.justj.openjdk.hotspot.jre.full.win32.x86_64_17.0.10.v20240120-1143\jre\bin\java.dll

dbghelp: loaded successfully - version: 4.0.5 - missing functions: none
symbol engine: initialized successfully - sym options: 0x614 - pdb path: .;C:\Program Files\sts-4.21.1.RELEASE\plugins\org.eclipse.justj.openjdk.hotspot.jre.full.win32.x86_64_17.0.10.v20240120-1143\jre\bin;C:\WINDOWS\SYSTEM32;C:\WINDOWS\WinSxS\amd64_microsoft.windows.common-controls_6595b64144ccf1df_6.0.19041.3636_none_60b6a03d71f818d5;C:\Program Files\sts-4.21.1.RELEASE\plugins\org.eclipse.justj.openjdk.hotspot.jre.full.win32.x86_64_17.0.10.v20240120-1143\jre\bin\server

VM Arguments:
jvm_args: -Dcom.sun.management.jmxremote -Dcom.sun.management.jmxremote.port=54443 -Dcom.sun.management.jmxremote.authenticate=false -Dcom.sun.management.jmxremote.ssl=false -Djava.rmi.server.hostname=localhost -Dspring.jmx.enabled=true -Dmanagement.endpoints.jmx.exposure.include=* -Dspring.application.admin.enabled=true -XX:TieredStopAtLevel=1 -Dspring.boot.project.name=springBootWithDbConnection -Dfile.encoding=UTF-8 -Dstdout.encoding=UTF-8 -Dstderr.encoding=UTF-8 -XX:+ShowCodeDetailsInExceptionMessages 
java_command: com.springbootwithdb.SpringBootWithDbConnectionApplication --spring.output.ansi.enabled=always
java_class_path (initial): C:\Users\Tushar\OneDrive\Desktop\NewJavaPrograms\springBootWithDbConnection\target\classes;C:\Users\Tushar\.m2\repository\org\springframework\boot\spring-boot-starter-actuator\3.1.10\spring-boot-starter-actuator-3.1.10.jar;C:\Users\Tushar\.m2\repository\org\springframework\boot\spring-boot-starter\3.1.10\spring-boot-starter-3.1.10.jar;C:\Users\Tushar\.m2\repository\org\springframework\boot\spring-boot-starter-logging\3.1.10\spring-boot-starter-logging-3.1.10.jar;C:\Users\Tushar\.m2\repository\ch\qos\logback\logback-classic\1.4.14\logback-classic-1.4.14.jar;C:\Users\Tushar\.m2\repository\ch\qos\logback\logback-core\1.4.14\logback-core-1.4.14.jar;C:\Users\Tushar\.m2\repository\org\apache\logging\log4j\log4j-to-slf4j\2.20.0\log4j-to-slf4j-2.20.0.jar;C:\Users\Tushar\.m2\repository\org\apache\logging\log4j\log4j-api\2.20.0\log4j-api-2.20.0.jar;C:\Users\Tushar\.m2\repository\org\slf4j\jul-to-slf4j\2.0.12\jul-to-slf4j-2.0.12.jar;C:\Users\Tushar\.m2\repository\org\yaml\snakeyaml\1.33\snakeyaml-1.33.jar;C:\Users\Tushar\.m2\repository\org\springframework\boot\spring-boot-actuator-autoconfigure\3.1.10\spring-boot-actuator-autoconfigure-3.1.10.jar;C:\Users\Tushar\.m2\repository\org\springframework\boot\spring-boot-actuator\3.1.10\spring-boot-actuator-3.1.10.jar;C:\Users\Tushar\.m2\repository\com\fasterxml\jackson\core\jackson-databind\2.15.4\jackson-databind-2.15.4.jar;C:\Users\Tushar\.m2\repository\com\fasterxml\jackson\core\jackson-core\2.15.4\jackson-core-2.15.4.jar;C:\Users\Tushar\.m2\repository\com\fasterxml\jackson\datatype\jackson-datatype-jsr310\2.15.4\jackson-datatype-jsr310-2.15.4.jar;C:\Users\Tushar\.m2\repository\io\micrometer\micrometer-observation\1.11.10\micrometer-observation-1.11.10.jar;C:\Users\Tushar\.m2\repository\io\micrometer\micrometer-commons\1.11.10\micrometer-commons-1.11.10.jar;C:\Users\Tushar\.m2\repository\io\micrometer\micrometer-core\1.11.10\micrometer-core-1.11.10.jar;C:\Users\Tushar\.m2\repository\org\hdrhistogram\Hd
Launcher Type: SUN_STANDARD

[Global flags]
     intx CICompilerCount                          = 3                                         {product} {ergonomic}
     uint ConcGCThreads                            = 1                                         {product} {ergonomic}
     uint G1ConcRefinementThreads                  = 4                                         {product} {ergonomic}
   size_t G1HeapRegionSize                         = 1048576                                   {product} {ergonomic}
    uintx GCDrainStackTargetSize                   = 64                                        {product} {ergonomic}
   size_t InitialHeapSize                          = 134217728                                 {product} {ergonomic}
     bool ManagementServer                         = true                                      {product} {command line}
   size_t MarkStackSize                            = 4194304                                   {product} {ergonomic}
   size_t MaxHeapSize                              = 2118123520                                {product} {ergonomic}
   size_t MinHeapDeltaBytes                        = 1048576                                   {product} {ergonomic}
   size_t MinHeapSize                              = 8388608                                   {product} {ergonomic}
    uintx NonProfiledCodeHeapSize                  = 0                                      {pd product} {ergonomic}
     bool ProfileInterpreter                       = false                                  {pd product} {command line}
    uintx ProfiledCodeHeapSize                     = 0                                      {pd product} {ergonomic}
     bool ShowCodeDetailsInExceptionMessages       = true                                   {manageable} {command line}
   size_t SoftMaxHeapSize                          = 2118123520                             {manageable} {ergonomic}
     intx TieredStopAtLevel                        = 1                                         {product} {command line}
     bool UseCompressedClassPointers               = true                           {product lp64_product} {ergonomic}
     bool UseCompressedOops                        = true                           {product lp64_product} {ergonomic}
     bool UseG1GC                                  = true                                      {product} {ergonomic}
     bool UseLargePagesIndividualAllocation        = false                                  {pd product} {ergonomic}

Logging:
Log output configuration:
 #0: stdout all=warning uptime,level,tags
 #1: stderr all=off uptime,level,tags

Environment Variables:
PATH=C:/Program Files/sts-4.21.1.RELEASE//plugins/org.eclipse.justj.openjdk.hotspot.jre.full.win32.x86_64_17.0.10.v20240120-1143/jre/bin/server;C:/Program Files/sts-4.21.1.RELEASE//plugins/org.eclipse.justj.openjdk.hotspot.jre.full.win32.x86_64_17.0.10.v20240120-1143/jre/bin;C:\Program Files\Common Files\Oracle\Java\javapath;C:\WINDOWS\system32;C:\WINDOWS;C:\WINDOWS\System32\Wbem;C:\WINDOWS\System32\WindowsPowerShell\v1.0\;C:\WINDOWS\System32\OpenSSH\;C:\Program Files\TortoiseGit\bin;C:\Program Files\Git\cmd;C:\Program Files\apache\apache-maven-3.9.6\bin;;C:\Program Files\Docker\Docker\resources\bin;C:\Users\Tushar\AppData\Local\Microsoft\WindowsApps;;C:\Users\Tushar\AppData\Local\Programs\Microsoft VS Code\bin;C:\Program Files\sts-4.21.1.RELEASE;
USERNAME=Tushar
OS=Windows_NT
PROCESSOR_IDENTIFIER=Intel64 Family 6 Model 142 Stepping 9, GenuineIntel
TMP=C:\Users\Tushar\AppData\Local\Temp
TEMP=C:\Users\Tushar\AppData\Local\Temp



Periodic native trim disabled


---------------  S Y S T E M  ---------------

OS:
 Windows 10 , 64 bit Build 19041 (10.0.19041.3636)
OS uptime: 0 days 20:31 hours
Hyper-V role detected

CPU: total 4 (initial active 4) (2 cores per cpu, 2 threads per core) family 6 model 142 stepping 9 microcode 0xf0, cx8, cmov, fxsr, ht, mmx, 3dnowpref, sse, sse2, sse3, ssse3, sse4.1, sse4.2, popcnt, lzcnt, tsc, tscinvbit, aes, erms, clmul, clflush, clflushopt, hv
Processor Information for all 4 processors :
  Max Mhz: 1608, Current Mhz: 1608, Mhz Limit: 1608

Memory: 4k page, system-wide physical 8076M (592M free)
TotalPageFile size 13199M (AvailPageFile size 0M)
current process WorkingSet (physical memory assigned to process): 10M, peak: 10M
current process commit charge ("private bytes"): 47M, peak: 174M

vm_info: OpenJDK 64-Bit Server VM (17.0.10+7) for windows-amd64 JRE (17.0.10+7), built on Jan 16 2024 23:25:11 by "admin" with MS VC++ 16.10 / 16.11 (VS2019)

END.
